Arguments: 
  /Users/chase/.nvm/versions/node/v14.16.0/bin/node /usr/local/bin/yarn

PATH: 
  /Users/chase/.nvm/versions/node/v14.16.0/bin:/usr/local/bin:/usr/bin:/bin:/usr/sbin:/sbin:/Users/chase/.nvm/versions/node/v14.16.0/bin:/Users/chase/.cargo/bin

Yarn version: 
  1.22.10

Node version: 
  14.16.0

Platform: 
  darwin x64

Trace: 
  SyntaxError: /Users/chase/Code/www/package.json: Unexpected token } in JSON at position 1435
      at JSON.parse (<anonymous>)
      at /usr/local/lib/node_modules/yarn/lib/cli.js:1625:59
      at Generator.next (<anonymous>)
      at step (/usr/local/lib/node_modules/yarn/lib/cli.js:310:30)
      at /usr/local/lib/node_modules/yarn/lib/cli.js:321:13

npm manifest: 
  {
    "name": "www",
    "version": "1.0.0",
    "description": "",
    "main": "index.js",
    "repository": {
      "type": "git",
      "url": "git+https://github.com/chasemccoy/www.com.git"
    },
    "scripts": {
      "start": "pm2-dev pm2.config.js",
      "build": "remix build",
      "clean": "rimraf ./node_modules/.cache ./functions/app/build ./public/build",
      "prestart": "yarn clean && yarn copy-images",
      "prebuild": "yarn clean && yarn copy-images",
      "copy-images": "node ./bin/copy-images",
      "test": "xo --fix"
    },
    "author": "Chase McCoy",
    "license": "GPL-3.0-only",
    "dependencies": {
      "@leafac/rehype-shiki": "^1.3.1",
      "@remark-embedder/core": "^1.2.4",
      "@remark-embedder/transformer-oembed": "^1.0.1",
      "clsx": "^1.1.1",
      "gray-matter": "^4.0.2",
      "hast-util-to-html": "^7.1.2",
      "mdast-util-to-hast": "^10.2.0",
      "mdast-util-toc": "^5.1.0",
      "mdx-bundler": "^3.1.2",
      "react": "^17.0.1",
      "react-dom": "^17.0.1",
      "remark-gfm": "^1.0.0",
      "remark-slug": "^6.0.0",
      "resetti": "^1.1.3",
      "shiki": "^0.9.3",
      "sort-by": "^1.2.0",
      "unist-util-visit": "^2.0.3"
    },
    "devDependencies": {
      "autoprefixer": "^10.2.5",
      "fs-extra": "^9.1.0",
      "netlify-cli": "^3.13.7",
      "postcss-each": "0.10.0",
      "postcss-import": "^14.0.0",
      "postcss-nested": "^5.0.5",
      "postcss-preset-env": "^6.7.0",
      "postcss-simple-vars": "^6.0.3",
      "rimraf": "^3.0.2",
    },
    "engines": {
      "node": "14.x"
    }
  }

yarn manifest: 
  No manifest

Lockfile: 
  No lockfile
